<?xml version="1.0" encoding="UTF-8"?>
<testng-results ignored="0" total="1" passed="1" failed="0" skipped="0">
  <reporter-output>
  </reporter-output>
  <suite started-at="2023-08-27T17:51:20 ICT" name="Default suite" finished-at="2023-08-27T17:51:36 ICT" duration-ms="15718">
    <groups>
    </groups>
    <test started-at="2023-08-27T17:51:20 ICT" name="Default test" finished-at="2023-08-27T17:51:36 ICT" duration-ms="15718">
      <class name="automation.testsuite.ClientTestFactory_Day15">
        <test-method is-config="true" signature="openTest()[pri:0, instance:automation.testsuite.ClientTestFactory_Day15@50378a4]" started-at="2023-08-27T17:51:20 ICT" name="openTest" finished-at="2023-08-27T17:51:29 ICT" duration-ms="8576" status="PASS">
          <reporter-output>
          </reporter-output>
        </test-method> <!-- openTest -->
        <test-method signature="addClientSuccessfuly()[pri:0, instance:automation.testsuite.ClientTestFactory_Day15@50378a4]" started-at="2023-08-27T17:51:29 ICT" name="addClientSuccessfuly" finished-at="2023-08-27T17:51:36 ICT" duration-ms="7096" status="PASS">
          <reporter-output>
          </reporter-output>
        </test-method> <!-- addClientSuccessfuly -->
      </class> <!-- automation.testsuite.ClientTestFactory_Day15 -->
    </test> <!-- Default test -->
  </suite> <!-- Default suite -->
</testng-results>
