<?xml version="1.0" encoding="UTF-8"?>
<testng-results ignored="0" total="2" passed="2" failed="0" skipped="0">
  <reporter-output>
  </reporter-output>
  <suite started-at="2023-08-14T21:52:05 ICT" name="Default suite" finished-at="2023-08-14T21:52:12 ICT" duration-ms="7634">
    <groups>
    </groups>
    <test started-at="2023-08-14T21:52:05 ICT" name="Default test" finished-at="2023-08-14T21:52:12 ICT" duration-ms="7634">
      <class name="automation.testsuite.Day12_Checkbox_Radio_Dropdown">
        <test-method signature="isRadioButtonSelected()[pri:0, instance:automation.testsuite.Day12_Checkbox_Radio_Dropdown@1a245833]" started-at="2023-08-14T21:52:05 ICT" name="isRadioButtonSelected" finished-at="2023-08-14T21:52:09 ICT" duration-ms="4694" status="PASS">
          <reporter-output>
          </reporter-output>
        </test-method> <!-- isRadioButtonSelected -->
        <test-method signature="selectDropdownlist()[pri:0, instance:automation.testsuite.Day12_Checkbox_Radio_Dropdown@1a245833]" started-at="2023-08-14T21:52:09 ICT" name="selectDropdownlist" finished-at="2023-08-14T21:52:12 ICT" duration-ms="2849" status="PASS">
          <reporter-output>
          </reporter-output>
        </test-method> <!-- selectDropdownlist -->
      </class> <!-- automation.testsuite.Day12_Checkbox_Radio_Dropdown -->
    </test> <!-- Default test -->
  </suite> <!-- Default suite -->
</testng-results>
