<?xml version="1.0" encoding="UTF-8"?>
<!-- Generated by org.testng.reporters.JUnitXMLReporter -->
<testsuite ignored="0" hostname="Admin" failures="0" tests="2" name="Default test" time="48.886" errors="0" timestamp="2023-08-23T17:18:41 ICT">
  <testcase classname="automation.testsuite.Day12_Checkbox_Radio_Dropdown" name="isRadioButtonSelected" time="38.983"/>
  <testcase classname="automation.testsuite.Day12_Checkbox_Radio_Dropdown" name="selectDropdownlist" time="9.851"/>
</testsuite> <!-- Default test -->
